WaveMaker: ########## no splash screen ##########
WaveMaker: 	Scanning for Shutdown Port:
WaveMaker: 		Testing port: 8019
WaveMaker: 		Port 8019 is available.
WaveMaker: 	Selected Shutdown Port: 8019
WaveMaker: 	Scanning for Service Port: 
WaveMaker: 		Testing port: 8094
WaveMaker: 		Port 8094 is available.
WaveMaker: 	Selected Service Port: 8094
WaveMaker: 	Scanning for SSL Port: 
WaveMaker: 		Testing port: 8443
WaveMaker: 		Testing port: 8444
WaveMaker: 		Port 8444 is available.
WaveMaker: 	Selected SSL Port: 8444
WaveMaker: Studio Version is 6.7.0.RELEASE
WaveMaker: Java version is 1.7.0_21
WaveMaker: Starting Tomcat
WaveMaker: Catalina Home is: C:\Users\ADMINI~1.VCL\AppData\Local\Temp\1\WMCatalinaHome5676823536929648216.temp
9 16, 2014 9:16:18 午後 org.apache.catalina.core.AprLifecycleListener init
情報: The APR based Apache Tomcat Native library which allows optimal performance in production environments was not found on the java.library.path: C:\Program Files\Java\jdk1.7.0_21\bin;C:\Windows\Sun\Java\bin;C:\Windows\system32;C:\Windows;C:\opt\scala\bin;C:\opt\play\play-2.2.3;C:\Program Files\Java\jdk1.7.0_21\bin;C:\Windows\system32;C:\Windows;C:\Windows\System32\Wbem;C:\Windows\System32\WindowsPowerShell\v1.0\;C:\Program Files (x86)\Microsoft SQL Server\100\Tools\Binn\;C:\Program Files\Microsoft SQL Server\100\Tools\Binn\;C:\Program Files\Microsoft SQL Server\100\DTS\Binn\;c:\Program Files\MIT\Kerberos\bin;C:\Program Files\Microsoft\Web Platform Installer\;C:\Program Files (x86)\Microsoft ASP.NET\ASP.NET Web Pages\v1.0\;C:\Program Files\Microsoft SQL Server\110\Tools\Binn\;C:\opt\apache\apache-maven-3.1.1\bin;.
9 16, 2014 9:16:20 午後 com.wavemaker.desktop.launcher.MySQLThreadFix lifecycleEvent
WARNING: Couldn't find MySQL driver; will be loaded by webapps.
9 16, 2014 9:16:20 午後 org.apache.coyote.http11.Http11Protocol init
情報: Coyote HTTP/1.1を http-8094 で初期化します
9 16, 2014 9:16:25 午後 org.apache.coyote.http11.Http11Protocol init
情報: Coyote HTTP/1.1を http-8444 で初期化します
9 16, 2014 9:16:25 午後 org.apache.catalina.startup.Catalina load
情報: Initialization processed in 12040 ms
9 16, 2014 9:16:27 午後 org.apache.catalina.core.StandardService start
情報: サービス Catalina を起動します
9 16, 2014 9:16:27 午後 org.apache.catalina.core.StandardEngine start
情報: Starting Servlet Engine: Apache Tomcat/6.0.36
9 16, 2014 9:16:27 午後 org.apache.catalina.startup.HostConfig deployDescriptor
情報: 設定記述子 ConfigurationTool.xml を配備します
9 16, 2014 9:16:33 午後 org.apache.catalina.loader.WebappClassLoader validateJarFile
情報: validateJarFile(C:\Program Files (x86)\WaveMaker\6.7.0.RELEASE\studioConfig\WEB-INF\lib\servlet-api-2.5.jar) - jar not loaded. See Servlet Spec 2.3, section 9.7.2. Offending class: javax/servlet/Servlet.class
org.json.JSONException: A JSONObject text must begin with '{' at character 1
	at org.json.JSONTokener.syntaxError(JSONTokener.java:410)
	at org.json.JSONObject.<init>(JSONObject.java:179)
	at org.json.JSONObject.<init>(JSONObject.java:402)
	at com.wavemaker.runtime.WMAppContext.<init>(WMAppContext.java:74)
	at com.wavemaker.runtime.WMAppContext.getInstance(WMAppContext.java:115)
	at com.wavemaker.runtime.server.CleanupListener.contextInitialized(CleanupListener.java:40)
	at org.apache.catalina.core.StandardContext.listenerStart(StandardContext.java:4206)
	at org.apache.catalina.core.StandardContext.start(StandardContext.java:4705)
	at org.apache.catalina.core.ContainerBase.addChildInternal(ContainerBase.java:799)
	at org.apache.catalina.core.ContainerBase.addChild(ContainerBase.java:779)
	at org.apache.catalina.core.StandardHost.addChild(StandardHost.java:601)
	at org.apache.catalina.startup.HostConfig.deployDescriptor(HostConfig.java:675)
	at org.apache.catalina.startup.HostConfig.deployDescriptors(HostConfig.java:601)
	at org.apache.catalina.startup.HostConfig.deployApps(HostConfig.java:502)
	at org.apache.catalina.startup.HostConfig.start(HostConfig.java:1317)
	at org.apache.catalina.startup.HostConfig.lifecycleEvent(HostConfig.java:324)
	at org.apache.catalina.util.LifecycleSupport.fireLifecycleEvent(LifecycleSupport.java:142)
	at org.apache.catalina.core.ContainerBase.start(ContainerBase.java:1065)
	at org.apache.catalina.core.StandardHost.start(StandardHost.java:840)
	at org.apache.catalina.core.ContainerBase.start(ContainerBase.java:1057)
	at org.apache.catalina.core.StandardEngine.start(StandardEngine.java:463)
	at org.apache.catalina.core.StandardService.start(StandardService.java:525)
	at org.apache.catalina.core.StandardServer.start(StandardServer.java:754)
	at org.apache.catalina.startup.Catalina.start(Catalina.java:595)
	at org.apache.catalina.startup.Catalina.process(Catalina.java:176)
	at com.wavemaker.desktop.launcher.AppServer$1.run(AppServer.java:64)
	at java.lang.Thread.run(Thread.java:722)
9 16, 2014 9:16:45 午後 org.apache.catalina.core.ApplicationContext log
情報: Initializing Spring root WebApplicationContext
9 16, 2014 9:16:56 午後 org.apache.catalina.session.PersistentManagerBase start
SEVERE: No Store configured, persistence disabled
9 16, 2014 9:16:56 午後 org.apache.catalina.core.ApplicationContext log
情報: Initializing Spring FrameworkServlet 'springapp'
9 16, 2014 9:17:00 午後 org.apache.catalina.startup.HostConfig deployDescriptor
情報: 設定記述子 manager.xml を配備します
9 16, 2014 9:17:00 午後 org.apache.catalina.session.PersistentManagerBase start
SEVERE: No Store configured, persistence disabled
9 16, 2014 9:17:00 午後 org.apache.catalina.startup.HostConfig deployDescriptor
情報: 設定記述子 ROOT.xml を配備します
9 16, 2014 9:17:00 午後 org.apache.catalina.session.PersistentManagerBase start
SEVERE: No Store configured, persistence disabled
9 16, 2014 9:17:00 午後 org.apache.catalina.startup.HostConfig deployDescriptor
情報: 設定記述子 wavemaker.xml を配備します
9 16, 2014 9:17:02 午後 org.apache.catalina.loader.WebappClassLoader validateJarFile
情報: validateJarFile(C:\Program Files (x86)\WaveMaker\6.7.0.RELEASE\studio\WEB-INF\lib\servlet-api-6.0.36.jar) - jar not loaded. See Servlet Spec 2.3, section 9.7.2. Offending class: javax/servlet/Servlet.class
9 16, 2014 9:17:04 午後 org.apache.catalina.core.ApplicationContext log
情報: Initializing Spring root WebApplicationContext
9 16, 2014 9:17:21 午後 org.apache.catalina.session.PersistentManagerBase start
SEVERE: No Store configured, persistence disabled
9 16, 2014 9:17:22 午後 org.apache.catalina.core.ApplicationContext log
情報: Initializing Spring FrameworkServlet 'springapp'
9 16, 2014 9:17:22 午後 org.apache.coyote.http11.Http11Protocol start
情報: Coyote HTTP/1.1を http-8094 で起動します
9 16, 2014 9:17:22 午後 org.apache.coyote.http11.Http11Protocol start
情報: Coyote HTTP/1.1を http-8444 で起動します
9 16, 2014 9:17:22 午後 org.apache.catalina.startup.Catalina start
情報: Server startup in 57053 ms
File timestamp.txt not found, using 0
Boot file not found
9 16, 2014 9:18:05 午後 org.apache.catalina.core.ApplicationContext log
情報: Manager: init: Associated with Deployer 'Catalina:type=Deployer,host=localhost'
9 16, 2014 9:18:05 午後 org.apache.catalina.core.ApplicationContext log
情報: Manager: init: Global resources are available
9 16, 2014 9:18:05 午後 org.apache.catalina.core.ApplicationContext log
情報: Manager: undeploy: Undeploying web application at '/vco'
FAIL - パス /vco のコンテキストが存在しません
using / as a default project directory; please set projectRoot
checking service CatalogService
checking service CategoryService
checking service PresentationService
checking service RestJsonService
checking service vCOGeneralService
checking service WorkflowService
9 16, 2014 9:18:31 午後 org.apache.catalina.core.ApplicationContext log
情報: Manager: undeploy: Undeploying web application at '/vco'
FAIL - パス /vco のコンテキストが存在しません
9 16, 2014 9:18:31 午後 org.apache.catalina.core.ApplicationContext log
情報: Manager: install: Installing context configuration at 'C:\Users\Administrator.VCLOUD4\WaveMaker 6.7.0.RELEASE\projects\vco\vco.xml'
9 16, 2014 9:18:31 午後 org.apache.catalina.startup.HostConfig deployDescriptor
情報: 設定記述子 vco.xml を配備します
9 16, 2014 9:18:41 午後 org.apache.catalina.core.ApplicationContext log
情報: Initializing Spring root WebApplicationContext
9 16, 2014 9:18:51 午後 org.apache.catalina.session.PersistentManagerBase start
SEVERE: No Store configured, persistence disabled
9 16, 2014 9:18:51 午後 org.apache.catalina.core.ApplicationContext log
情報: Initializing Spring FrameworkServlet 'springapp'
OK - コンテキストパス /vco でアプリケーションを配備しました
LOG FOLDER: C:\Users\ADMINI~1.VCL\AppData\Local\Temp\1\WMCatalinaHome5676823536929648216.temp\logs\ProjectLogs\vco | true
LOG FOLDER: C:\Users\ADMINI~1.VCL\AppData\Local\Temp\1\WMCatalinaHome5676823536929648216.temp\logs\ProjectLogs\vco | true
LOG FOLDER: C:\Users\ADMINI~1.VCL\AppData\Local\Temp\1\WMCatalinaHome5676823536929648216.temp\logs\ProjectLogs\vco | true
LOG FOLDER: C:\Users\ADMINI~1.VCL\AppData\Local\Temp\1\WMCatalinaHome5676823536929648216.temp\logs\ProjectLogs\vco | true
LOG FOLDER: C:\Users\ADMINI~1.VCL\AppData\Local\Temp\1\WMCatalinaHome5676823536929648216.temp\logs\ProjectLogs\vco | true
2014-09-16 21:20:28,597 WARN [com.wavemaker.json.type.reflect.ReflectTypeUtils] - <Type requires generic information, but none provided for class "class java.util.ArrayList"> () 
